<?xml version="1.0" encoding="UTF-8"?>
<!-- Generated by org.testng.reporters.JUnitReportReporter -->
<testsuite hostname="LAPTOP-6NQTN9TF" failures="0" tests="2" name="qaclickacademy.RESTAPITest" time="0.002" errors="0" timestamp="2022-01-26T03:43:31 IST" skipped="0">
  <testcase classname="qaclickacademy.RESTAPITest" name="deletetwitter" time="0.001"/>
  <system-out/>
  <testcase classname="qaclickacademy.RESTAPITest" name="postJira" time="0.001"/>
  <system-out/>
</testsuite> <!-- qaclickacademy.RESTAPITest -->
