<?xml version="1.0" encoding="UTF-8"?>
<!-- Generated by org.testng.reporters.JUnitReportReporter -->
<testsuite skipped="0" hostname="LAPTOP-6NQTN9TF" name="qaclickacademy.AppTest" tests="1" failures="0" timestamp="2022-01-26T03:39:38 IST" time="0.017" errors="0">
  <testcase name="shouldAnswerWithTrue" time="0.017" classname="qaclickacademy.AppTest"/>
  <system-out/>
</testsuite> <!-- qaclickacademy.AppTest -->
